<?xml version="1.0" encoding="UTF-8"?>
<robot generator="Robot 5.0.1 (Python 3.8.0 on win32)" generated="20220615 22:27:45.489" rpa="false" schemaversion="3">
<suite id="s1" name="Login" source="D:\Del\A-Kuliah\A-Semester4\Proyek Akhir II\Code\DelStat-Testing\Tests\Login.robot">
<test id="s1-t1" name="Login" line="8">
<kw name="OpenDelStatApplication" library="android-res">
<msg timestamp="20220615 22:27:45.711" level="TRACE">Arguments: [  ]</msg>
<kw name="Open Application" library="AppiumLibrary">
<arg>http://localhost:4723/wd/hub</arg>
<arg>platformName=Android</arg>
<arg>deviceName=emulator-5554</arg>
<arg>appPackage=id.del.ac.delstat</arg>
<arg>appActivity=id.del.ac.delstat.presentation.activity.HomeActivity</arg>
<arg>automationName=Uiautomator2</arg>
<doc>Opens a new application to given Appium server.
Capabilities of appium server, Android and iOS,
Please check https://github.com/appium/appium/blob/master/docs/en/writing-running-appium/server-args.md
| *Option*            | *Man.* | *Description*     |
| remote_url          | Yes    | Appium server url |
| alias               | no     | alias             |</doc>
<msg timestamp="20220615 22:27:45.711" level="TRACE">Arguments: [ 'http://localhost:4723/wd/hub' | platformName='Android' | deviceName='emulator-5554' | appPackage='id.del.ac.delstat' | appActivity='id.del.ac.delstat.presentation.activity.HomeActivity' | automationName='Uiautomator2' ]</msg>
<msg timestamp="20220615 22:27:47.758" level="DEBUG">POST http://127.0.0.1:4723/wd/hub/session {"capabilities": {"firstMatch": [{"platformName": "Android", "appium:deviceName": "emulator-5554", "appium:appPackage": "id.del.ac.delstat", "appium:appActivity": "id.del.ac.delstat.presentation.activity.HomeActivity", "appium:automationName": "Uiautomator2"}]}, "desiredCapabilities": {"platformName": "Android", "deviceName": "emulator-5554", "appPackage": "id.del.ac.delstat", "appActivity": "id.del.ac.delstat.presentation.activity.HomeActivity", "automationName": "Uiautomator2"}}</msg>
<msg timestamp="20220615 22:27:47.759" level="DEBUG">Starting new HTTP connection (1): 127.0.0.1:4723</msg>
<msg timestamp="20220615 22:28:00.307" level="DEBUG">http://127.0.0.1:4723 "POST /wd/hub/session HTTP/1.1" 200 950</msg>
<msg timestamp="20220615 22:28:00.307" level="DEBUG">Finished Request</msg>
<msg timestamp="20220615 22:28:00.310" level="DEBUG">Opened application with session id 5b8df3fa-b443-4718-b1cf-2618da7c69e8</msg>
<msg timestamp="20220615 22:28:00.310" level="TRACE">Return: 1</msg>
<status status="PASS" starttime="20220615 22:27:45.711" endtime="20220615 22:28:00.310"/>
</kw>
<msg timestamp="20220615 22:28:00.311" level="TRACE">Return: None</msg>
<status status="PASS" starttime="20220615 22:27:45.710" endtime="20220615 22:28:00.311"/>
</kw>
<kw name="LoginUsingUserSiswa1" library="android-res">
<msg timestamp="20220615 22:28:00.312" level="TRACE">Arguments: [  ]</msg>
<kw name="OpenFragmentProfil" library="android-res">
<msg timestamp="20220615 22:28:00.312" level="TRACE">Arguments: [  ]</msg>
<kw name="Wait Until Page Contains Element" library="AppiumLibrary">
<arg>${ELEMENT_FRAGMEN_PROFIL}</arg>
<doc>Waits until element specified with `locator` appears on current page.</doc>
<msg timestamp="20220615 22:28:00.313" level="TRACE">Arguments: [ 'id=id.del.ac.delstat:id/profileFragment' ]</msg>
<msg timestamp="20220615 22:28:00.313" level="DEBUG">POST http://127.0.0.1:4723/wd/hub/session/5b8df3fa-b443-4718-b1cf-2618da7c69e8/elements {"using": "id", "value": "id.del.ac.delstat:id/profileFragment"}</msg>
<msg timestamp="20220615 22:28:01.384" level="DEBUG">http://127.0.0.1:4723 "POST /wd/hub/session/5b8df3fa-b443-4718-b1cf-2618da7c69e8/elements HTTP/1.1" 200 139</msg>
<msg timestamp="20220615 22:28:01.385" level="DEBUG">Finished Request</msg>
<msg timestamp="20220615 22:28:01.385" level="TRACE">Return: None</msg>
<status status="PASS" starttime="20220615 22:28:00.312" endtime="20220615 22:28:01.385"/>
</kw>
<kw name="Click Element" library="AppiumLibrary">
<arg>${ELEMENT_FRAGMEN_PROFIL}</arg>
<doc>Click element identified by `locator`.</doc>
<msg timestamp="20220615 22:28:01.385" level="TRACE">Arguments: [ 'id=id.del.ac.delstat:id/profileFragment' ]</msg>
<msg timestamp="20220615 22:28:01.387" level="INFO">Clicking element 'id=id.del.ac.delstat:id/profileFragment'.</msg>
<msg timestamp="20220615 22:28:01.387" level="DEBUG">POST http://127.0.0.1:4723/wd/hub/session/5b8df3fa-b443-4718-b1cf-2618da7c69e8/elements {"using": "id", "value": "id.del.ac.delstat:id/profileFragment"}</msg>
<msg timestamp="20220615 22:28:01.446" level="DEBUG">http://127.0.0.1:4723 "POST /wd/hub/session/5b8df3fa-b443-4718-b1cf-2618da7c69e8/elements HTTP/1.1" 200 139</msg>
<msg timestamp="20220615 22:28:01.446" level="DEBUG">Finished Request</msg>
<msg timestamp="20220615 22:28:01.447" level="DEBUG">POST http://127.0.0.1:4723/wd/hub/session/5b8df3fa-b443-4718-b1cf-2618da7c69e8/element/00000000-0000-01ad-ffff-ffff0000005d/click {"id": "00000000-0000-01ad-ffff-ffff0000005d"}</msg>
<msg timestamp="20220615 22:28:01.500" level="DEBUG">http://127.0.0.1:4723 "POST /wd/hub/session/5b8df3fa-b443-4718-b1cf-2618da7c69e8/element/00000000-0000-01ad-ffff-ffff0000005d/click HTTP/1.1" 200 14</msg>
<msg timestamp="20220615 22:28:01.501" level="DEBUG">Finished Request</msg>
<msg timestamp="20220615 22:28:01.501" level="TRACE">Return: None</msg>
<status status="PASS" starttime="20220615 22:28:01.385" endtime="20220615 22:28:01.501"/>
</kw>
<msg timestamp="20220615 22:28:01.501" level="TRACE">Return: None</msg>
<status status="PASS" starttime="20220615 22:28:00.312" endtime="20220615 22:28:01.501"/>
</kw>
<kw name="Wait Until Page Contains Element" library="AppiumLibrary">
<arg>${ELEMENT_BUTTON_LOGIN_FRAGMENT_PROFIL}</arg>
<doc>Waits until element specified with `locator` appears on current page.</doc>
<msg timestamp="20220615 22:28:01.501" level="TRACE">Arguments: [ 'id=id.del.ac.delstat:id/button_login' ]</msg>
<msg timestamp="20220615 22:28:01.501" level="DEBUG">POST http://127.0.0.1:4723/wd/hub/session/5b8df3fa-b443-4718-b1cf-2618da7c69e8/elements {"using": "id", "value": "id.del.ac.delstat:id/button_login"}</msg>
<msg timestamp="20220615 22:28:01.749" level="DEBUG">http://127.0.0.1:4723 "POST /wd/hub/session/5b8df3fa-b443-4718-b1cf-2618da7c69e8/elements HTTP/1.1" 200 12</msg>
<msg timestamp="20220615 22:28:01.749" level="DEBUG">Finished Request</msg>
<msg timestamp="20220615 22:28:01.963" level="DEBUG">POST http://127.0.0.1:4723/wd/hub/session/5b8df3fa-b443-4718-b1cf-2618da7c69e8/elements {"using": "id", "value": "id.del.ac.delstat:id/button_login"}</msg>
<msg timestamp="20220615 22:28:02.491" level="DEBUG">http://127.0.0.1:4723 "POST /wd/hub/session/5b8df3fa-b443-4718-b1cf-2618da7c69e8/elements HTTP/1.1" 200 139</msg>
<msg timestamp="20220615 22:28:02.491" level="DEBUG">Finished Request</msg>
<msg timestamp="20220615 22:28:02.491" level="TRACE">Return: None</msg>
<status status="PASS" starttime="20220615 22:28:01.501" endtime="20220615 22:28:02.491"/>
</kw>
<kw name="Click Element" library="AppiumLibrary">
<arg>${ELEMENT_BUTTON_LOGIN_FRAGMENT_PROFIL}</arg>
<doc>Click element identified by `locator`.</doc>
<msg timestamp="20220615 22:28:02.492" level="TRACE">Arguments: [ 'id=id.del.ac.delstat:id/button_login' ]</msg>
<msg timestamp="20220615 22:28:02.494" level="INFO">Clicking element 'id=id.del.ac.delstat:id/button_login'.</msg>
<msg timestamp="20220615 22:28:02.494" level="DEBUG">POST http://127.0.0.1:4723/wd/hub/session/5b8df3fa-b443-4718-b1cf-2618da7c69e8/elements {"using": "id", "value": "id.del.ac.delstat:id/button_login"}</msg>
<msg timestamp="20220615 22:28:02.526" level="DEBUG">http://127.0.0.1:4723 "POST /wd/hub/session/5b8df3fa-b443-4718-b1cf-2618da7c69e8/elements HTTP/1.1" 200 139</msg>
<msg timestamp="20220615 22:28:02.527" level="DEBUG">Finished Request</msg>
<msg timestamp="20220615 22:28:02.527" level="DEBUG">POST http://127.0.0.1:4723/wd/hub/session/5b8df3fa-b443-4718-b1cf-2618da7c69e8/element/00000000-0000-01ad-ffff-ffff00000074/click {"id": "00000000-0000-01ad-ffff-ffff00000074"}</msg>
<msg timestamp="20220615 22:28:02.570" level="DEBUG">http://127.0.0.1:4723 "POST /wd/hub/session/5b8df3fa-b443-4718-b1cf-2618da7c69e8/element/00000000-0000-01ad-ffff-ffff00000074/click HTTP/1.1" 200 14</msg>
<msg timestamp="20220615 22:28:02.570" level="DEBUG">Finished Request</msg>
<msg timestamp="20220615 22:28:02.570" level="TRACE">Return: None</msg>
<status status="PASS" starttime="20220615 22:28:02.492" endtime="20220615 22:28:02.570"/>
</kw>
<kw name="Wait Until Page Contains Element" library="AppiumLibrary">
<arg>${ELEMENT_EMAIL_LOGIN_ACTIVITY}</arg>
<doc>Waits until element specified with `locator` appears on current page.</doc>
<msg timestamp="20220615 22:28:02.571" level="TRACE">Arguments: [ 'id=id.del.ac.delstat:id/edit_text_email_login' ]</msg>
<msg timestamp="20220615 22:28:02.571" level="DEBUG">POST http://127.0.0.1:4723/wd/hub/session/5b8df3fa-b443-4718-b1cf-2618da7c69e8/elements {"using": "id", "value": "id.del.ac.delstat:id/edit_text_email_login"}</msg>
<msg timestamp="20220615 22:28:02.857" level="DEBUG">http://127.0.0.1:4723 "POST /wd/hub/session/5b8df3fa-b443-4718-b1cf-2618da7c69e8/elements HTTP/1.1" 200 12</msg>
<msg timestamp="20220615 22:28:02.857" level="DEBUG">Finished Request</msg>
<msg timestamp="20220615 22:28:03.069" level="DEBUG">POST http://127.0.0.1:4723/wd/hub/session/5b8df3fa-b443-4718-b1cf-2618da7c69e8/elements {"using": "id", "value": "id.del.ac.delstat:id/edit_text_email_login"}</msg>
<msg timestamp="20220615 22:28:03.572" level="DEBUG">http://127.0.0.1:4723 "POST /wd/hub/session/5b8df3fa-b443-4718-b1cf-2618da7c69e8/elements HTTP/1.1" 200 139</msg>
<msg timestamp="20220615 22:28:03.572" level="DEBUG">Finished Request</msg>
<msg timestamp="20220615 22:28:03.572" level="TRACE">Return: None</msg>
<status status="PASS" starttime="20220615 22:28:02.571" endtime="20220615 22:28:03.572"/>
</kw>
<kw name="Input Text" library="AppiumLibrary">
<arg>${ELEMENT_EMAIL_LOGIN_ACTIVITY}</arg>
<arg>${USER_SISWA_1}[email]</arg>
<doc>Types the given `text` into text field identified by `locator`.</doc>
<msg timestamp="20220615 22:28:03.572" level="TRACE">Arguments: [ 'id=id.del.ac.delstat:id/edit_text_email_login' | 'matthewwalfredoo@gmail.com' ]</msg>
<msg timestamp="20220615 22:28:03.574" level="INFO">Typing text 'matthewwalfredoo@gmail.com' into text field 'id=id.del.ac.delstat:id/edit_text_email_login'</msg>
<msg timestamp="20220615 22:28:03.574" level="DEBUG">POST http://127.0.0.1:4723/wd/hub/session/5b8df3fa-b443-4718-b1cf-2618da7c69e8/elements {"using": "id", "value": "id.del.ac.delstat:id/edit_text_email_login"}</msg>
<msg timestamp="20220615 22:28:03.596" level="DEBUG">http://127.0.0.1:4723 "POST /wd/hub/session/5b8df3fa-b443-4718-b1cf-2618da7c69e8/elements HTTP/1.1" 200 139</msg>
<msg timestamp="20220615 22:28:03.596" level="DEBUG">Finished Request</msg>
<msg timestamp="20220615 22:28:03.596" level="DEBUG">POST http://127.0.0.1:4723/wd/hub/session/5b8df3fa-b443-4718-b1cf-2618da7c69e8/element/00000000-0000-01ae-ffff-ffff000000a0/value {"text": "matthewwalfredoo@gmail.com", "value": ["m", "a", "t", "t", "h", "e", "w", "w", "a", "l", "f", "r", "e", "d", "o", "o", "@", "g", "m", "a", "i", "l", ".", "c", "o", "m"], "id": "00000000-0000-01ae-ffff-ffff000000a0"}</msg>
<msg timestamp="20220615 22:28:04.240" level="DEBUG">http://127.0.0.1:4723 "POST /wd/hub/session/5b8df3fa-b443-4718-b1cf-2618da7c69e8/element/00000000-0000-01ae-ffff-ffff000000a0/value HTTP/1.1" 200 14</msg>
<msg timestamp="20220615 22:28:04.240" level="DEBUG">Finished Request</msg>
<msg timestamp="20220615 22:28:04.240" level="TRACE">Return: None</msg>
<status status="PASS" starttime="20220615 22:28:03.572" endtime="20220615 22:28:04.240"/>
</kw>
<kw name="Input Password" library="AppiumLibrary">
<arg>${ELEMENT_PASSWORD_LOGIN_ACTIVITY}</arg>
<arg>${USER_SISWA_1}[password]</arg>
<doc>Types the given password into text field identified by `locator`.</doc>
<msg timestamp="20220615 22:28:04.241" level="TRACE">Arguments: [ 'id=id.del.ac.delstat:id/edit_text_password_login' | '12345678' ]</msg>
<msg timestamp="20220615 22:28:04.243" level="INFO">Typing password into text field 'id=id.del.ac.delstat:id/edit_text_password_login'</msg>
<msg timestamp="20220615 22:28:04.243" level="DEBUG">POST http://127.0.0.1:4723/wd/hub/session/5b8df3fa-b443-4718-b1cf-2618da7c69e8/elements {"using": "id", "value": "id.del.ac.delstat:id/edit_text_password_login"}</msg>
<msg timestamp="20220615 22:28:04.756" level="DEBUG">http://127.0.0.1:4723 "POST /wd/hub/session/5b8df3fa-b443-4718-b1cf-2618da7c69e8/elements HTTP/1.1" 200 139</msg>
<msg timestamp="20220615 22:28:04.756" level="DEBUG">Finished Request</msg>
<msg timestamp="20220615 22:28:04.756" level="DEBUG">POST http://127.0.0.1:4723/wd/hub/session/5b8df3fa-b443-4718-b1cf-2618da7c69e8/element/00000000-0000-01ae-ffff-ffff000000ae/value {"text": "12345678", "value": ["1", "2", "3", "4", "5", "6", "7", "8"], "id": "00000000-0000-01ae-ffff-ffff000000ae"}</msg>
<msg timestamp="20220615 22:28:05.390" level="DEBUG">http://127.0.0.1:4723 "POST /wd/hub/session/5b8df3fa-b443-4718-b1cf-2618da7c69e8/element/00000000-0000-01ae-ffff-ffff000000ae/value HTTP/1.1" 200 14</msg>
<msg timestamp="20220615 22:28:05.390" level="DEBUG">Finished Request</msg>
<msg timestamp="20220615 22:28:05.390" level="TRACE">Return: None</msg>
<status status="PASS" starttime="20220615 22:28:04.241" endtime="20220615 22:28:05.390"/>
</kw>
<kw name="Click Element" library="AppiumLibrary">
<arg>${ELEMENT_BUTTON_LOGIN_LOGIN_ACTIVITY}</arg>
<doc>Click element identified by `locator`.</doc>
<msg timestamp="20220615 22:28:05.391" level="TRACE">Arguments: [ 'id=id.del.ac.delstat:id/button_login' ]</msg>
<msg timestamp="20220615 22:28:05.392" level="INFO">Clicking element 'id=id.del.ac.delstat:id/button_login'.</msg>
<msg timestamp="20220615 22:28:05.392" level="DEBUG">POST http://127.0.0.1:4723/wd/hub/session/5b8df3fa-b443-4718-b1cf-2618da7c69e8/elements {"using": "id", "value": "id.del.ac.delstat:id/button_login"}</msg>
<msg timestamp="20220615 22:28:05.901" level="DEBUG">http://127.0.0.1:4723 "POST /wd/hub/session/5b8df3fa-b443-4718-b1cf-2618da7c69e8/elements HTTP/1.1" 200 139</msg>
<msg timestamp="20220615 22:28:05.901" level="DEBUG">Finished Request</msg>
<msg timestamp="20220615 22:28:05.901" level="DEBUG">POST http://127.0.0.1:4723/wd/hub/session/5b8df3fa-b443-4718-b1cf-2618da7c69e8/element/00000000-0000-01ae-ffff-ffff000000ba/click {"id": "00000000-0000-01ae-ffff-ffff000000ba"}</msg>
<msg timestamp="20220615 22:28:05.955" level="DEBUG">http://127.0.0.1:4723 "POST /wd/hub/session/5b8df3fa-b443-4718-b1cf-2618da7c69e8/element/00000000-0000-01ae-ffff-ffff000000ba/click HTTP/1.1" 200 14</msg>
<msg timestamp="20220615 22:28:05.956" level="DEBUG">Finished Request</msg>
<msg timestamp="20220615 22:28:05.956" level="TRACE">Return: None</msg>
<status status="PASS" starttime="20220615 22:28:05.391" endtime="20220615 22:28:05.956"/>
</kw>
<msg timestamp="20220615 22:28:05.956" level="TRACE">Return: None</msg>
<status status="PASS" starttime="20220615 22:28:00.311" endtime="20220615 22:28:05.957"/>
</kw>
<kw name="Sleep" library="BuiltIn">
<arg>5</arg>
<doc>Pauses the test executed for the given time.</doc>
<msg timestamp="20220615 22:28:05.958" level="TRACE">Arguments: [ '5' ]</msg>
<msg timestamp="20220615 22:28:10.961" level="INFO">Slept 5 seconds</msg>
<msg timestamp="20220615 22:28:10.961" level="TRACE">Return: None</msg>
<status status="PASS" starttime="20220615 22:28:05.957" endtime="20220615 22:28:10.961"/>
</kw>
<kw name="Logout" library="android-res">
<msg timestamp="20220615 22:28:10.962" level="TRACE">Arguments: [  ]</msg>
<kw name="Wait Until Page Contains Element" library="AppiumLibrary">
<arg>${ELEMENT_BUTTON_LOGOUT_FRAGMENT_PROFIL}</arg>
<doc>Waits until element specified with `locator` appears on current page.</doc>
<msg timestamp="20220615 22:28:10.962" level="TRACE">Arguments: [ 'id=id.del.ac.delstat:id/button_logout' ]</msg>
<msg timestamp="20220615 22:28:10.962" level="DEBUG">POST http://127.0.0.1:4723/wd/hub/session/5b8df3fa-b443-4718-b1cf-2618da7c69e8/elements {"using": "id", "value": "id.del.ac.delstat:id/button_logout"}</msg>
<msg timestamp="20220615 22:28:10.997" level="DEBUG">http://127.0.0.1:4723 "POST /wd/hub/session/5b8df3fa-b443-4718-b1cf-2618da7c69e8/elements HTTP/1.1" 200 139</msg>
<msg timestamp="20220615 22:28:10.997" level="DEBUG">Finished Request</msg>
<msg timestamp="20220615 22:28:10.997" level="TRACE">Return: None</msg>
<status status="PASS" starttime="20220615 22:28:10.962" endtime="20220615 22:28:10.997"/>
</kw>
<kw name="Click Element" library="AppiumLibrary">
<arg>${ELEMENT_BUTTON_LOGOUT_FRAGMENT_PROFIL}</arg>
<doc>Click element identified by `locator`.</doc>
<msg timestamp="20220615 22:28:10.998" level="TRACE">Arguments: [ 'id=id.del.ac.delstat:id/button_logout' ]</msg>
<msg timestamp="20220615 22:28:10.999" level="INFO">Clicking element 'id=id.del.ac.delstat:id/button_logout'.</msg>
<msg timestamp="20220615 22:28:10.999" level="DEBUG">POST http://127.0.0.1:4723/wd/hub/session/5b8df3fa-b443-4718-b1cf-2618da7c69e8/elements {"using": "id", "value": "id.del.ac.delstat:id/button_logout"}</msg>
<msg timestamp="20220615 22:28:11.041" level="DEBUG">http://127.0.0.1:4723 "POST /wd/hub/session/5b8df3fa-b443-4718-b1cf-2618da7c69e8/elements HTTP/1.1" 200 139</msg>
<msg timestamp="20220615 22:28:11.041" level="DEBUG">Finished Request</msg>
<msg timestamp="20220615 22:28:11.041" level="DEBUG">POST http://127.0.0.1:4723/wd/hub/session/5b8df3fa-b443-4718-b1cf-2618da7c69e8/element/00000000-0000-01ad-ffff-ffff0000008a/click {"id": "00000000-0000-01ad-ffff-ffff0000008a"}</msg>
<msg timestamp="20220615 22:28:11.086" level="DEBUG">http://127.0.0.1:4723 "POST /wd/hub/session/5b8df3fa-b443-4718-b1cf-2618da7c69e8/element/00000000-0000-01ad-ffff-ffff0000008a/click HTTP/1.1" 200 14</msg>
<msg timestamp="20220615 22:28:11.088" level="DEBUG">Finished Request</msg>
<msg timestamp="20220615 22:28:11.088" level="TRACE">Return: None</msg>
<status status="PASS" starttime="20220615 22:28:10.997" endtime="20220615 22:28:11.088"/>
</kw>
<msg timestamp="20220615 22:28:11.088" level="TRACE">Return: None</msg>
<status status="PASS" starttime="20220615 22:28:10.962" endtime="20220615 22:28:11.088"/>
</kw>
<status status="PASS" starttime="20220615 22:27:45.710" endtime="20220615 22:28:11.089"/>
</test>
<status status="PASS" starttime="20220615 22:27:45.491" endtime="20220615 22:28:11.090"/>
</suite>
<statistics>
<total>
<stat pass="1" fail="0" skip="0">All Tests</stat>
</total>
<tag>
</tag>
<suite>
<stat pass="1" fail="0" skip="0" id="s1" name="Login">Login</stat>
</suite>
</statistics>
<errors>
</errors>
</robot>
